app/build/intermediates/manifest_merge_blame_file/debug/manifest-merger-blame-debug-report.txt
1<?xml version="1.0" encoding="utf-8"?>
2<manifest xmlns:android="http://schemas.android.com/apk/res/android"
3    package="com.example.myfirebaseauthorization"
4    android:versionCode="1"
5    android:versionName="1.0" >
6
7    <uses-sdk
8        android:minSdkVersion="16"
8-->src\main\AndroidManifest.xml
9        android:targetSdkVersion="29" />
9-->src\main\AndroidManifest.xml
10
11    <!-- Although the *SdkVersion is captured in gradle build files, this is required for non gradle builds -->
12    <!-- <uses-sdk android:minSdkVersion="14"/> -->
13    <uses-permission android:name="android.permission.ACCESS_NETWORK_STATE" />
13-->[com.google.firebase:firebase-database:17.0.0] AndroidManifest.xml:25:5-79
13-->[com.google.firebase:firebase-database:17.0.0] AndroidManifest.xml:25:22-76
14    <uses-permission android:name="android.permission.INTERNET" />
14-->[com.google.firebase:firebase-database:17.0.0] AndroidManifest.xml:26:5-67
14-->[com.google.firebase:firebase-database:17.0.0] AndroidManifest.xml:26:22-64
15    <uses-permission android:name="android.permission.WAKE_LOCK" />
15-->[com.google.android.gms:play-services-measurement:17.0.0] AndroidManifest.xml:25:5-68
15-->[com.google.android.gms:play-services-measurement:17.0.0] AndroidManifest.xml:25:22-65
16    <uses-permission android:name="com.google.android.finsky.permission.BIND_GET_INSTALL_REFERRER_SERVICE" /> <!-- Required by older versions of Google Play services to create IID tokens -->
16-->[com.google.android.gms:play-services-measurement:17.0.0] AndroidManifest.xml:26:5-110
16-->[com.google.android.gms:play-services-measurement:17.0.0] AndroidManifest.xml:26:22-107
17    <uses-permission android:name="com.google.android.c2dm.permission.RECEIVE" />
17-->[com.google.firebase:firebase-iid:19.0.0] AndroidManifest.xml:26:5-82
17-->[com.google.firebase:firebase-iid:19.0.0] AndroidManifest.xml:26:22-79
18
19    <application
19-->src\main\AndroidManifest.xml:5:5-20:19
20        android:allowBackup="true"
20-->src\main\AndroidManifest.xml:6:9-35
21        android:appComponentFactory="androidx.core.app.CoreComponentFactory"
21-->[androidx.core:core:1.0.2] AndroidManifest.xml:22:18-86
22        android:debuggable="true"
23        android:icon="@mipmap/ic_launcher"
23-->src\main\AndroidManifest.xml:7:9-43
24        android:label="@string/app_name"
24-->src\main\AndroidManifest.xml:8:9-41
25        android:roundIcon="@mipmap/ic_launcher_round"
25-->src\main\AndroidManifest.xml:9:9-54
26        android:supportsRtl="true"
26-->src\main\AndroidManifest.xml:10:9-35
27        android:testOnly="true"
28        android:theme="@style/AppTheme" >
28-->src\main\AndroidManifest.xml:11:9-40
29        <activity android:name="com.example.myfirebaseauthorization.User_activity" />
29-->src\main\AndroidManifest.xml:12:9-60
29-->src\main\AndroidManifest.xml:12:19-48
30        <activity android:name="com.example.myfirebaseauthorization.MainActivity" >
30-->src\main\AndroidManifest.xml:13:9-19:20
30-->src\main\AndroidManifest.xml:13:19-47
31            <intent-filter>
31-->src\main\AndroidManifest.xml:14:13-18:29
32                <action android:name="android.intent.action.MAIN" />
32-->src\main\AndroidManifest.xml:15:17-69
32-->src\main\AndroidManifest.xml:15:25-66
33
34                <category android:name="android.intent.category.LAUNCHER" />
34-->src\main\AndroidManifest.xml:17:17-77
34-->src\main\AndroidManifest.xml:17:27-74
35            </intent-filter>
36        </activity>
37        <activity
37-->[com.google.firebase:firebase-auth:17.0.0] AndroidManifest.xml:24:9-31:50
38            android:name="com.google.firebase.auth.internal.FederatedSignInActivity"
38-->[com.google.firebase:firebase-auth:17.0.0] AndroidManifest.xml:25:13-85
39            android:excludeFromRecents="true"
39-->[com.google.firebase:firebase-auth:17.0.0] AndroidManifest.xml:26:13-46
40            android:exported="true"
40-->[com.google.firebase:firebase-auth:17.0.0] AndroidManifest.xml:27:13-36
41            android:launchMode="singleTask"
41-->[com.google.firebase:firebase-auth:17.0.0] AndroidManifest.xml:28:13-44
42            android:permission="com.google.firebase.auth.api.gms.permission.LAUNCH_FEDERATED_SIGN_IN"
42-->[com.google.firebase:firebase-auth:17.0.0] AndroidManifest.xml:29:13-102
43            android:theme="@android:style/Theme.Translucent.NoTitleBar" />
43-->[com.google.firebase:firebase-auth:17.0.0] AndroidManifest.xml:30:13-72
44
45        <service
45-->[com.google.firebase:firebase-auth:17.0.0] AndroidManifest.xml:33:9-39:19
46            android:name="com.google.firebase.components.ComponentDiscoveryService"
46-->[com.google.firebase:firebase-auth:17.0.0] AndroidManifest.xml:34:13-84
47            android:exported="false" >
47-->[com.google.firebase:firebase-auth:17.0.0] AndroidManifest.xml:35:13-37
48            <meta-data
48-->[com.google.firebase:firebase-auth:17.0.0] AndroidManifest.xml:36:13-38:85
49                android:name="com.google.firebase.components:com.google.firebase.auth.FirebaseAuthRegistrar"
49-->[com.google.firebase:firebase-auth:17.0.0] AndroidManifest.xml:37:17-109
50                android:value="com.google.firebase.components.ComponentRegistrar" />
50-->[com.google.firebase:firebase-auth:17.0.0] AndroidManifest.xml:38:17-82
51            <meta-data
51-->[com.google.firebase:firebase-database:17.0.0] AndroidManifest.xml:30:13-32:85
52                android:name="com.google.firebase.components:com.google.firebase.database.DatabaseRegistrar"
52-->[com.google.firebase:firebase-database:17.0.0] AndroidManifest.xml:31:17-109
53                android:value="com.google.firebase.components.ComponentRegistrar" />
53-->[com.google.firebase:firebase-database:17.0.0] AndroidManifest.xml:32:17-82
54            <meta-data
54-->[com.google.android.gms:play-services-measurement-api:17.0.0] AndroidManifest.xml:30:13-32:85
55                android:name="com.google.firebase.components:com.google.firebase.analytics.connector.internal.AnalyticsConnectorRegistrar"
55-->[com.google.android.gms:play-services-measurement-api:17.0.0] AndroidManifest.xml:31:17-139
56                android:value="com.google.firebase.components.ComponentRegistrar" />
56-->[com.google.android.gms:play-services-measurement-api:17.0.0] AndroidManifest.xml:32:17-82
57            <meta-data
57-->[com.google.firebase:firebase-iid:19.0.0] AndroidManifest.xml:32:13-34:85
58                android:name="com.google.firebase.components:com.google.firebase.iid.Registrar"
58-->[com.google.firebase:firebase-iid:19.0.0] AndroidManifest.xml:33:17-96
59                android:value="com.google.firebase.components.ComponentRegistrar" />
59-->[com.google.firebase:firebase-iid:19.0.0] AndroidManifest.xml:34:17-82
60        </service>
61
62        <receiver
62-->[com.google.android.gms:play-services-measurement:17.0.0] AndroidManifest.xml:29:9-33:20
63            android:name="com.google.android.gms.measurement.AppMeasurementReceiver"
63-->[com.google.android.gms:play-services-measurement:17.0.0] AndroidManifest.xml:30:13-85
64            android:enabled="true"
64-->[com.google.android.gms:play-services-measurement:17.0.0] AndroidManifest.xml:31:13-35
65            android:exported="false" >
65-->[com.google.android.gms:play-services-measurement:17.0.0] AndroidManifest.xml:32:13-37
66        </receiver>
67        <receiver
67-->[com.google.android.gms:play-services-measurement:17.0.0] AndroidManifest.xml:34:9-42:20
68            android:name="com.google.android.gms.measurement.AppMeasurementInstallReferrerReceiver"
68-->[com.google.android.gms:play-services-measurement:17.0.0] AndroidManifest.xml:35:13-100
69            android:enabled="true"
69-->[com.google.android.gms:play-services-measurement:17.0.0] AndroidManifest.xml:36:13-35
70            android:exported="true"
70-->[com.google.android.gms:play-services-measurement:17.0.0] AndroidManifest.xml:37:13-36
71            android:permission="android.permission.INSTALL_PACKAGES" >
71-->[com.google.android.gms:play-services-measurement:17.0.0] AndroidManifest.xml:38:13-69
72            <intent-filter>
72-->[com.google.android.gms:play-services-measurement:17.0.0] AndroidManifest.xml:39:13-41:29
73                <action android:name="com.android.vending.INSTALL_REFERRER" />
73-->[com.google.android.gms:play-services-measurement:17.0.0] AndroidManifest.xml:40:17-79
73-->[com.google.android.gms:play-services-measurement:17.0.0] AndroidManifest.xml:40:25-76
74            </intent-filter>
75        </receiver>
76
77        <service
77-->[com.google.android.gms:play-services-measurement:17.0.0] AndroidManifest.xml:44:9-47:40
78            android:name="com.google.android.gms.measurement.AppMeasurementService"
78-->[com.google.android.gms:play-services-measurement:17.0.0] AndroidManifest.xml:45:13-84
79            android:enabled="true"
79-->[com.google.android.gms:play-services-measurement:17.0.0] AndroidManifest.xml:46:13-35
80            android:exported="false" />
80-->[com.google.android.gms:play-services-measurement:17.0.0] AndroidManifest.xml:47:13-37
81        <service
81-->[com.google.android.gms:play-services-measurement:17.0.0] AndroidManifest.xml:48:9-52:72
82            android:name="com.google.android.gms.measurement.AppMeasurementJobService"
82-->[com.google.android.gms:play-services-measurement:17.0.0] AndroidManifest.xml:49:13-87
83            android:enabled="true"
83-->[com.google.android.gms:play-services-measurement:17.0.0] AndroidManifest.xml:50:13-35
84            android:exported="false"
84-->[com.google.android.gms:play-services-measurement:17.0.0] AndroidManifest.xml:51:13-37
85            android:permission="android.permission.BIND_JOB_SERVICE" />
85-->[com.google.android.gms:play-services-measurement:17.0.0] AndroidManifest.xml:52:13-69
86
87        <receiver
87-->[com.google.firebase:firebase-iid:19.0.0] AndroidManifest.xml:37:9-44:20
88            android:name="com.google.firebase.iid.FirebaseInstanceIdReceiver"
88-->[com.google.firebase:firebase-iid:19.0.0] AndroidManifest.xml:38:13-78
89            android:exported="true"
89-->[com.google.firebase:firebase-iid:19.0.0] AndroidManifest.xml:39:13-36
90            android:permission="com.google.android.c2dm.permission.SEND" >
90-->[com.google.firebase:firebase-iid:19.0.0] AndroidManifest.xml:40:13-73
91            <intent-filter>
91-->[com.google.firebase:firebase-iid:19.0.0] AndroidManifest.xml:41:13-43:29
92                <action android:name="com.google.android.c2dm.intent.RECEIVE" />
92-->[com.google.firebase:firebase-iid:19.0.0] AndroidManifest.xml:42:17-81
92-->[com.google.firebase:firebase-iid:19.0.0] AndroidManifest.xml:42:25-78
93            </intent-filter>
94        </receiver>
95
96        <provider
96-->[com.google.firebase:firebase-common:18.0.0] AndroidManifest.xml:12:9-16:39
97            android:name="com.google.firebase.provider.FirebaseInitProvider"
97-->[com.google.firebase:firebase-common:18.0.0] AndroidManifest.xml:13:13-77
98            android:authorities="com.example.myfirebaseauthorization.firebaseinitprovider"
98-->[com.google.firebase:firebase-common:18.0.0] AndroidManifest.xml:14:13-72
99            android:exported="false"
99-->[com.google.firebase:firebase-common:18.0.0] AndroidManifest.xml:15:13-37
100            android:initOrder="100" />
100-->[com.google.firebase:firebase-common:18.0.0] AndroidManifest.xml:16:13-36
101
102        <activity
102-->[com.google.android.gms:play-services-base:17.0.0] AndroidManifest.xml:23:9-26:75
103            android:name="com.google.android.gms.common.api.GoogleApiActivity"
103-->[com.google.android.gms:play-services-base:17.0.0] AndroidManifest.xml:24:13-79
104            android:exported="false"
104-->[com.google.android.gms:play-services-base:17.0.0] AndroidManifest.xml:25:13-37
105            android:theme="@android:style/Theme.Translucent.NoTitleBar" />
105-->[com.google.android.gms:play-services-base:17.0.0] AndroidManifest.xml:26:13-72
106
107        <meta-data
107-->[com.google.android.gms:play-services-basement:17.0.0] AndroidManifest.xml:23:9-25:69
108            android:name="com.google.android.gms.version"
108-->[com.google.android.gms:play-services-basement:17.0.0] AndroidManifest.xml:24:13-58
109            android:value="@integer/google_play_services_version" />
109-->[com.google.android.gms:play-services-basement:17.0.0] AndroidManifest.xml:25:13-66
110    </application>
111
112</manifest>